<?xml version="1.0" encoding="UTF-8"?>
<!-- Generated by org.testng.reporters.JUnitReportReporter -->
<testsuite skipped="0" hostname="DESKTOP-V2RKAG5" name="automation.NewTest" tests="1" failures="0" timestamp="2021-02-07T11:31:17 IST" time="5.808" errors="0">
  <testcase name="f" time="5.808" classname="automation.NewTest"/>
</testsuite> <!-- automation.NewTest -->
